#
# A fatal error has been detected by the Java Runtime Environment:
#
#  SIGBUS (0xa) at pc=0x0000000101d6ee92, pid=1899, tid=0x0000000000001c03
#
# JRE version: Java(TM) SE Runtime Environment (8.0_102-b14) (build 1.8.0_102-b14)
# Java VM: Java HotSpot(TM) 64-Bit Server VM (25.102-b14 mixed mode bsd-amd64 compressed oops)
# Problematic frame:
# C  [libzip.dylib+0x2e92]  newEntry+0x154
#
# Failed to write core dump. Core dumps have been disabled. To enable core dumping, try "ulimit -c unlimited" before starting Java again
#
# If you would like to submit a bug report, please visit:
#   http://bugreport.java.com/bugreport/crash.jsp
# The crash happened outside the Java Virtual Machine in native code.
# See problematic frame for where to report the bug.
#

---------------  T H R E A D  ---------------

Current thread (0x00007fe4f6810800):  JavaThread "main" [_thread_in_native, id=7171, stack(0x000070000219d000,0x000070000229d000)]

siginfo: si_signo: 10 (SIGBUS), si_code: 2 (BUS_ADRERR), si_addr: 0x000000010770a511

Registers:
RAX=0x00007fe4f5714260, RBX=0x000000010770a505, RCX=0x0000000000000001, RDX=0x0000000000000900
RSP=0x000070000229ada0, RBP=0x000070000229ae00, RSI=0x0000000000000200, RDI=0x0000000000000987
R8 =0x0000000000000048, R9 =0x00007fe4f5698640, R10=0x00000000fffffe00, R11=0x0000000000000004
R12=0x00000001077ce000, R13=0x00000000000025f0, R14=0x000000003c050b49, R15=0x00007fe4f579a2f0
RIP=0x0000000101d6ee92, EFLAGS=0x0000000000010206, ERR=0x0000000000000004
  TRAPNO=0x000000000000000e

Top of Stack: (sp=0x000070000229ada0)
0x000070000229ada0:   000070000229ade0 000000000054231f
0x000070000229adb0:   40144f3cbc1566e7 00007fe4f570d1e0
0x000070000229adc0:   000070000229ade0 00007fe4f5714260
0x000070000229add0:   00007fe4f5698640 00007fe4f5714260
0x000070000229ade0:   00000001077ce000 00000000000025f0
0x000070000229adf0:   000000003c050b49 00007fe4f579a2f0
0x000070000229ae00:   000070000229ae60 0000000101d6f52d
0x000070000229ae10:   00007fe4f570fba3 00007fe4f570fba2
0x000070000229ae20:   0000003100000000 0000003200000000
0x000070000229ae30:   00007fe4f570fb70 000070000229aeb4
0x000070000229ae40:   00007fe4f5714f20 0000000100c41cb0
0x000070000229ae50:   000070000229af84 00007fe4f570fb70
0x000070000229ae60:   000070000229ae90 0000000101d6f69b
0x000070000229ae70:   000070000229ae90 0000000000000000
0x000070000229ae80:   000070000229af84 00007fe4f570fb70
0x000070000229ae90:   000070000229af70 0000000100513aad
0x000070000229aea0:   000070000229b1f8 0000003000000018
0x000070000229aeb0:   000070000229aed0 00007fe4f6810800
0x000070000229aec0:   000070000229afa0 00000001005c9136
0x000070000229aed0:   0000000100313000 00007fe4f55fc080
0x000070000229aee0:   00007fe4f570fa10 000000000000002c
0x000070000229aef0:   0000000000000062 00007fe4f5698620
0x000070000229af00:   0000000000000080 0000000100317400
0x000070000229af10:   00007fe4f5500000 0000000000000001
0x000070000229af20:   0000000100317400 0000000000000002
0x000070000229af30:   000070000229af70 000000010051338e
0x000070000229af40:   c7cff30bbddc00e4 00007fe4f6810800
0x000070000229af50:   0000000000000007 0000000100c41cb0
0x000070000229af60:   00007fe4f5714f20 00007fe4f5713880
0x000070000229af70:   000070000229afa0 00000001005127a6
0x000070000229af80:   000070000229afa0 00007fe4f6810800
0x000070000229af90:   00007fe4f570fb70 00007fe4f5713880 

Instructions: (pc=0x0000000101d6ee92)
0x0000000101d6ee72:   49 8b 7f 38 e8 5b 1b 00 00 4d 89 77 38 49 89 5f
0x0000000101d6ee82:   40 4c 89 f0 48 85 c0 0f 84 11 05 00 00 48 89 c3
0x0000000101d6ee92:   0f b6 43 0c 0f b6 4b 0d 48 c1 e1 08 48 01 c1 0f
0x0000000101d6eea2:   b6 43 0e 0f b6 53 0f 48 c1 e2 08 48 01 c2 48 c1 

Register to memory mapping:

RAX=0x00007fe4f5714260 is an unknown value
RBX=0x000000010770a505 is an unknown value
RCX=0x0000000000000001 is an unknown value
RDX=0x0000000000000900 is an unknown value
RSP=0x000070000229ada0 is pointing into the stack for thread: 0x00007fe4f6810800
RBP=0x000070000229ae00 is pointing into the stack for thread: 0x00007fe4f6810800
RSI=0x0000000000000200 is an unknown value
RDI=0x0000000000000987 is an unknown value
R8 =0x0000000000000048 is an unknown value
R9 =0x00007fe4f5698640 is an unknown value
R10=0x00000000fffffe00 is an unknown value
R11=0x0000000000000004 is an unknown value
R12=0x00000001077ce000 is an unknown value
R13=0x00000000000025f0 is an unknown value
R14=0x000000003c050b49 is an unknown value
R15=0x00007fe4f579a2f0 is an unknown value


Stack: [0x000070000219d000,0x000070000229d000],  sp=0x000070000229ada0,  free space=1015k
Native frames: (J=compiled Java code, j=interpreted, Vv=VM code, C=native code)
C  [libzip.dylib+0x2e92]  newEntry+0x154
C  [libzip.dylib+0x352d]  ZIP_GetEntry2+0xd4
C  [libzip.dylib+0x369b]  ZIP_FindEntry+0x1a
V  [libjvm.dylib+0x18baad]
V  [libjvm.dylib+0x18a7a6]
V  [libjvm.dylib+0x18ac48]
V  [libjvm.dylib+0x53b56f]
V  [libjvm.dylib+0x53aeed]
V  [libjvm.dylib+0x53b970]
V  [libjvm.dylib+0x53c023]
V  [libjvm.dylib+0x1e2ace]
V  [libjvm.dylib+0x1f2efa]
V  [libjvm.dylib+0x2e9105]
j  com.zeroturnaround.jrebelbase.methodhandle.f.<clinit>()V+112
v  ~StubRoutines::call_stub
V  [libjvm.dylib+0x2ed5e2]
V  [libjvm.dylib+0x2c01f1]
V  [libjvm.dylib+0x2c1855]
V  [libjvm.dylib+0x2c1aeb]
V  [libjvm.dylib+0x3ce296]
V  [libjvm.dylib+0x3ce4aa]
V  [libjvm.dylib+0x3ce56b]
V  [libjvm.dylib+0x2e7a29]
j  com.zeroturnaround.javarebel.gdt.a()V+88
j  com.zeroturnaround.javarebel.gdt.deferredInitHook()V+0
j  sun.launcher.LauncherHelper.checkAndLoadMain(ZILjava/lang/String;)Ljava/lang/Class;+0
v  ~StubRoutines::call_stub
V  [libjvm.dylib+0x2ed5e2]
V  [libjvm.dylib+0x3243da]
V  [libjvm.dylib+0x31ab30]
C  [java+0x3772]  JavaMain+0x805
C  [libsystem_pthread.dylib+0x393b]  _pthread_body+0xb4
C  [libsystem_pthread.dylib+0x3887]  _pthread_body+0x0
C  [libsystem_pthread.dylib+0x308d]  thread_start+0xd
C  0x0000000000000000

Java frames: (J=compiled Java code, j=interpreted, Vv=VM code)
j  com.zeroturnaround.jrebelbase.methodhandle.f.<clinit>()V+112
v  ~StubRoutines::call_stub
j  com.zeroturnaround.javarebel.gdt.a()V+88
j  com.zeroturnaround.javarebel.gdt.deferredInitHook()V+0
j  sun.launcher.LauncherHelper.checkAndLoadMain(ZILjava/lang/String;)Ljava/lang/Class;+0
v  ~StubRoutines::call_stub

---------------  P R O C E S S  ---------------

Java Threads: ( => current thread )
  0x00007fe4f645c000 JavaThread "rebel-cache-writer" daemon [_thread_blocked, id=22279, stack(0x00007000033d3000,0x00007000034d3000)]
  0x00007fe4f63b9800 JavaThread "rebel-fsnotify-OutputReader" daemon [_thread_blocked, id=25351, stack(0x0000700003b13000,0x0000700003c13000)]
  0x00007fe4f63b8800 JavaThread "rebel-fsnotify-OutputReader" daemon [_thread_blocked, id=24327, stack(0x0000700003a10000,0x0000700003b10000)]
  0x00007fe4f63b8000 JavaThread "rebel-fsnotify-ShutdownOnTermination" daemon [_thread_blocked, id=24839, stack(0x000070000390d000,0x0000700003a0d000)]
  0x00007fe4f6366800 JavaThread "process reaper" daemon [_thread_in_native, id=25863, stack(0x00007000038e2000,0x000070000390a000)]
  0x00007fe4f6a4a000 JavaThread "rebel-CacheKeepAlive" daemon [_thread_blocked, id=23811, stack(0x00007000037df000,0x00007000038df000)]
  0x00007fe4f60cc800 JavaThread "rebel-logger" daemon [_thread_blocked, id=21251, stack(0x00007000032d0000,0x00007000033d0000)]
  0x00007fe4f60d6800 JavaThread "Service Thread" daemon [_thread_blocked, id=20227, stack(0x00007000030ca000,0x00007000031ca000)]
  0x00007fe4f70cb000 JavaThread "C1 CompilerThread2" daemon [_thread_blocked, id=19715, stack(0x0000700002fc7000,0x00007000030c7000)]
  0x00007fe4f70ca000 JavaThread "C2 CompilerThread1" daemon [_thread_blocked, id=19203, stack(0x0000700002ec4000,0x0000700002fc4000)]
  0x00007fe4f589b000 JavaThread "C2 CompilerThread0" daemon [_thread_blocked, id=18691, stack(0x0000700002dc1000,0x0000700002ec1000)]
  0x00007fe4f584e000 JavaThread "JDWP Command Reader" daemon [_thread_in_native, id=18179, stack(0x0000700002cbe000,0x0000700002dbe000)]
  0x00007fe4f583e000 JavaThread "JDWP Event Helper Thread" daemon [_thread_blocked, id=17667, stack(0x0000700002bbb000,0x0000700002cbb000)]
  0x00007fe4f6031000 JavaThread "JDWP Transport Listener: dt_socket" daemon [_thread_blocked, id=17155, stack(0x0000700002ab8000,0x0000700002bb8000)]
  0x00007fe4f6852000 JavaThread "Signal Dispatcher" daemon [_thread_blocked, id=16643, stack(0x00007000029b5000,0x0000700002ab5000)]
  0x00007fe4f682a000 JavaThread "Finalizer" daemon [_thread_blocked, id=12547, stack(0x00007000028b2000,0x00007000029b2000)]
  0x00007fe4f680c000 JavaThread "Reference Handler" daemon [_thread_blocked, id=12035, stack(0x00007000027af000,0x00007000028af000)]
=>0x00007fe4f6810800 JavaThread "main" [_thread_in_native, id=7171, stack(0x000070000219d000,0x000070000229d000)]

Other Threads:
  0x00007fe4f6020800 VMThread [stack: 0x00007000026ac000,0x00007000027ac000] [id=11523]
  0x00007fe4f69fc000 WatcherThread [stack: 0x00007000031cd000,0x00007000032cd000] [id=20739]

VM state:not at safepoint (normal execution)

VM Mutex/Monitor currently owned by a thread: None

Heap:
 PSYoungGen      total 38400K, used 29994K [0x0000000795580000, 0x0000000798000000, 0x00000007c0000000)
  eden space 33280K, 74% used [0x0000000795580000,0x0000000796dd07c0,0x0000000797600000)
  from space 5120K, 99% used [0x0000000797600000,0x0000000797afa120,0x0000000797b00000)
  to   space 5120K, 0% used [0x0000000797b00000,0x0000000797b00000,0x0000000798000000)
 ParOldGen       total 87552K, used 2744K [0x0000000740000000, 0x0000000745580000, 0x0000000795580000)
  object space 87552K, 3% used [0x0000000740000000,0x00000007402ae160,0x0000000745580000)
 Metaspace       used 13482K, capacity 14418K, committed 14592K, reserved 1062912K
  class space    used 1600K, capacity 1944K, committed 2048K, reserved 1048576K

Card table byte_map: [0x0000000102135000,0x0000000102536000] byte_map_base: 0x00000000fe735000

Marking Bits: (ParMarkBitMap*) 0x0000000100c77d20
 Begin Bits: [0x00000001027e1000, 0x00000001047e1000)
 End Bits:   [0x00000001047e1000, 0x00000001067e1000)

Polling page: 0x00000001013f0000

CodeCache: size=245760Kb used=3160Kb max_used=3175Kb free=242599Kb
 bounds [0x000000010a611000, 0x000000010a931000, 0x0000000119611000]
 total_blobs=1376 nmethods=1047 adapters=251
 compilation: enabled

Compilation events (10 events):
Event: 5.087 Thread 0x00007fe4f70cb000 1137       3       jdk.internal.org.objectweb.asm.Type::getType (269 bytes)
Event: 5.088 Thread 0x00007fe4f70cb000 nmethod 1137 0x000000010a925d90 code [0x000000010a925fa0, 0x000000010a9269f0]
Event: 5.088 Thread 0x00007fe4f70cb000 1136       3       jdk.internal.org.objectweb.asm.MethodWriter::_jr$ip$currentBlock (6 bytes)
Event: 5.088 Thread 0x00007fe4f70cb000 nmethod 1136 0x000000010a920150 code [0x000000010a9202a0, 0x000000010a9203f0]
Event: 5.088 Thread 0x00007fe4f70cb000 1138       1       jdk.internal.org.objectweb.asm.MethodWriter::_jr$ig$name (5 bytes)
Event: 5.088 Thread 0x00007fe4f70cb000 nmethod 1138 0x000000010a926f10 code [0x000000010a927060, 0x000000010a927150]
Event: 5.088 Thread 0x00007fe4f70cb000 1139       1       jdk.internal.org.objectweb.asm.MethodWriter::_jr$ig$desc (5 bytes)
Event: 5.088 Thread 0x00007fe4f70cb000 nmethod 1139 0x000000010a9271d0 code [0x000000010a927320, 0x000000010a927410]
Event: 5.088 Thread 0x00007fe4f70cb000 1140       1       jdk.internal.org.objectweb.asm.MethodWriter::_jr$ig$maxStack (5 bytes)
Event: 5.088 Thread 0x00007fe4f70cb000 nmethod 1140 0x000000010a927490 code [0x000000010a9275e0, 0x000000010a9276d0]

GC Heap History (2 events):
Event: 3.725 GC heap before
{Heap before GC invocations=1 (full 0):
 PSYoungGen      total 38400K, used 33280K [0x0000000795580000, 0x0000000798000000, 0x00000007c0000000)
  eden space 33280K, 100% used [0x0000000795580000,0x0000000797600000,0x0000000797600000)
  from space 5120K, 0% used [0x0000000797b00000,0x0000000797b00000,0x0000000798000000)
  to   space 5120K, 0% used [0x0000000797600000,0x0000000797600000,0x0000000797b00000)
 ParOldGen       total 87552K, used 0K [0x0000000740000000, 0x0000000745580000, 0x0000000795580000)
  object space 87552K, 0% used [0x0000000740000000,0x0000000740000000,0x0000000745580000)
 Metaspace       used 10296K, capacity 10974K, committed 11264K, reserved 1058816K
  class space    used 1193K, capacity 1410K, committed 1536K, reserved 1048576K
Event: 3.760 GC heap after
Heap after GC invocations=1 (full 0):
 PSYoungGen      total 38400K, used 5096K [0x0000000795580000, 0x0000000798000000, 0x00000007c0000000)
  eden space 33280K, 0% used [0x0000000795580000,0x0000000795580000,0x0000000797600000)
  from space 5120K, 99% used [0x0000000797600000,0x0000000797afa120,0x0000000797b00000)
  to   space 5120K, 0% used [0x0000000797b00000,0x0000000797b00000,0x0000000798000000)
 ParOldGen       total 87552K, used 2744K [0x0000000740000000, 0x0000000745580000, 0x0000000795580000)
  object space 87552K, 3% used [0x0000000740000000,0x00000007402ae160,0x0000000745580000)
 Metaspace       used 10296K, capacity 10974K, committed 11264K, reserved 1058816K
  class space    used 1193K, capacity 1410K, committed 1536K, reserved 1048576K
}

Deoptimization events (8 events):
Event: 2.157 Thread 0x00007fe4f6810800 Uncommon trap: reason=array_check action=maybe_recompile pc=0x000000010a72752c method=com.zeroturnaround.jrebelbase.facade.a.arrayStore([Ljava/lang/Object;ILjava/lang/Object;)V @ 9
Event: 2.160 Thread 0x00007fe4f6810800 Uncommon trap: reason=array_check action=maybe_recompile pc=0x000000010a72752c method=com.zeroturnaround.jrebelbase.facade.a.arrayStore([Ljava/lang/Object;ILjava/lang/Object;)V @ 9
Event: 2.160 Thread 0x00007fe4f6810800 Uncommon trap: reason=array_check action=maybe_recompile pc=0x000000010a72752c method=com.zeroturnaround.jrebelbase.facade.a.arrayStore([Ljava/lang/Object;ILjava/lang/Object;)V @ 9
Event: 2.160 Thread 0x00007fe4f6810800 Uncommon trap: reason=array_check action=maybe_recompile pc=0x000000010a72752c method=com.zeroturnaround.jrebelbase.facade.a.arrayStore([Ljava/lang/Object;ILjava/lang/Object;)V @ 9
Event: 3.381 Thread 0x00007fe4f70fd800 Uncommon trap: reason=unstable_if action=reinterpret pc=0x000000010a7cd2f8 method=java.util.HashMap.putVal(ILjava/lang/Object;Ljava/lang/Object;ZZ)Ljava/lang/Object; @ 258
Event: 3.920 Thread 0x00007fe4f595d000 Uncommon trap: reason=unstable_if action=reinterpret pc=0x000000010a7dc8e8 method=java.util.HashMap.putVal(ILjava/lang/Object;Ljava/lang/Object;ZZ)Ljava/lang/Object; @ 200
Event: 4.387 Thread 0x00007fe4f6a49800 Uncommon trap: reason=unstable_if action=reinterpret pc=0x000000010a86cc68 method=java.util.HashMap.putVal(ILjava/lang/Object;Ljava/lang/Object;ZZ)Ljava/lang/Object; @ 215
Event: 4.564 Thread 0x00007fe4f70fe000 Uncommon trap: reason=unstable_if action=reinterpret pc=0x000000010a7d6d74 method=java.lang.String.replace(CC)Ljava/lang/String; @ 26

Internal exceptions (10 events):
Event: 1.877 Thread 0x00007fe4f6810800 Exception <a 'java/lang/ClassNotFoundException': com/ibm/oti/vm/VM> (0x0000000795a10018) thrown at [/Users/java_re/workspace/8-2-build-macosx-x86_64/jdk8u102/7268/hotspot/src/share/vm/classfile/systemDictionary.cpp, line 210]
Event: 2.471 Thread 0x00007fe4f6810800 Exception <a 'java/lang/ClassNotFoundException': java/lang/reflect/Module> (0x0000000795ca22d8) thrown at [/Users/java_re/workspace/8-2-build-macosx-x86_64/jdk8u102/7268/hotspot/src/share/vm/classfile/systemDictionary.cpp, line 210]
Event: 3.959 Thread 0x00007fe4f6a49800 Exception <a 'java/lang/ClassNotFoundException': com/zeroturnaround/jrebel/bundled/org/bouncycastle/jcajce/provider/asymmetric/DSTU4145$Mappings> (0x00000007956b0a98) thrown at [/Users/java_re/workspace/8-2-build-macosx-x86_64/jdk8u102/7268/hotspot/src/sh
Event: 4.387 Thread 0x00007fe4f6a49800 Exception <a 'java/lang/ClassNotFoundException': com/zeroturnaround/jrebel/bundled/org/bouncycastle/jcajce/provider/asymmetric/DSTU4145$Mappings> (0x000000079654c4e8) thrown at [/Users/java_re/workspace/8-2-build-macosx-x86_64/jdk8u102/7268/hotspot/src/sh
Event: 4.465 Thread 0x00007fe4f70fe000 Exception <a 'java/lang/NoSuchFieldError': method resolution failed> (0x00000007965ed0e8) thrown at [/Users/java_re/workspace/8-2-build-macosx-x86_64/jdk8u102/7268/hotspot/src/share/vm/prims/methodHandles.cpp, line 1146]
Event: 4.474 Thread 0x00007fe4f70fe000 Exception <a 'java/lang/NoSuchFieldError': method resolution failed> (0x00000007965faa98) thrown at [/Users/java_re/workspace/8-2-build-macosx-x86_64/jdk8u102/7268/hotspot/src/share/vm/prims/methodHandles.cpp, line 1146]
Event: 4.620 Thread 0x00007fe4f6810800 Exception <a 'java/lang/ClassNotFoundException': java/util/ResourceBundle$ResourceBundleProviderHelper> (0x00000007967a76e0) thrown at [/Users/java_re/workspace/8-2-build-macosx-x86_64/jdk8u102/7268/hotspot/src/share/vm/classfile/systemDictionary.cpp, lin
Event: 4.620 Thread 0x00007fe4f6810800 Exception <a 'java/lang/ClassNotFoundException': jdk/internal/module/ModuleBootstrap> (0x00000007967a8918) thrown at [/Users/java_re/workspace/8-2-build-macosx-x86_64/jdk8u102/7268/hotspot/src/share/vm/classfile/systemDictionary.cpp, line 210]
Event: 4.623 Thread 0x00007fe4f6810800 Exception <a 'java/lang/ClassNotFoundException': com/ibm/oti/shared/Shared> (0x00000007967b13c8) thrown at [/Users/java_re/workspace/8-2-build-macosx-x86_64/jdk8u102/7268/hotspot/src/share/vm/classfile/systemDictionary.cpp, line 210]
Event: 4.632 Thread 0x00007fe4f6810800 Exception <a 'java/lang/ClassNotFoundException': java/util/HugeEnumSet> (0x00000007967caf20) thrown at [/Users/java_re/workspace/8-2-build-macosx-x86_64/jdk8u102/7268/hotspot/src/share/vm/classfile/systemDictionary.cpp, line 210]

Events (10 events):
Event: 4.923 loading class java/util/stream/Stream done
Event: 4.928 loading class com/zeroturnaround/jrebelbase/methodhandle/f
Event: 4.928 loading class com/zeroturnaround/jrebelbase/methodhandle/f done
Event: 4.928 loading class com/zeroturnaround/jrebelbase/methodhandle/d
Event: 4.932 loading class com/zeroturnaround/jrebelbase/methodhandle/d done
Event: 4.932 loading class com/zeroturnaround/jrebelbase/methodhandle/e
Event: 4.932 loading class com/zeroturnaround/jrebelbase/methodhandle/e done
Event: 4.932 loading class com/zeroturnaround/jrebelbase/methodhandle/a
Event: 4.933 loading class com/zeroturnaround/jrebelbase/methodhandle/a done
Event: 5.077 loading class com/zeroturnaround/jrebelbase/methodhandle/b


Dynamic libraries:
0x0000000023cd9000 	/System/Library/Frameworks/Cocoa.framework/Versions/A/Cocoa
0x0000000023cd9000 	/System/Library/Frameworks/Security.framework/Versions/A/Security
0x0000000023cd9000 	/System/Library/Frameworks/ApplicationServices.framework/Versions/A/ApplicationServices
0x0000000023cd9000 	/usr/lib/libz.1.dylib
0x0000000023cd9000 	/usr/lib/libSystem.B.dylib
0x0000000023cd9000 	/usr/lib/libobjc.A.dylib
0x0000000023cd9000 	/System/Library/Frameworks/CoreFoundation.framework/Versions/A/CoreFoundation
0x0000000023cd9000 	/System/Library/Frameworks/Foundation.framework/Versions/C/Foundation
0x0000000023cd9000 	/System/Library/Frameworks/AppKit.framework/Versions/C/AppKit
0x0000000023cd9000 	/System/Library/Frameworks/CoreData.framework/Versions/A/CoreData
0x0000000023cd9000 	/System/Library/PrivateFrameworks/RemoteViewServices.framework/Versions/A/RemoteViewServices
0x0000000023cd9000 	/System/Library/PrivateFrameworks/UIFoundation.framework/Versions/A/UIFoundation
0x0000000023cd9000 	/System/Library/PrivateFrameworks/DFRFoundation.framework/Versions/A/DFRFoundation
0x0000000023cd9000 	/usr/lib/libenergytrace.dylib
0x0000000023cd9000 	/System/Library/PrivateFrameworks/SkyLight.framework/Versions/A/SkyLight
0x0000000023cd9000 	/System/Library/Frameworks/CoreGraphics.framework/Versions/A/CoreGraphics
0x0000000023cd9000 	/usr/lib/libScreenReader.dylib
0x0000000023cd9000 	/System/Library/Frameworks/Accelerate.framework/Versions/A/Accelerate
0x0000000023cd9000 	/System/Library/Frameworks/IOSurface.framework/Versions/A/IOSurface
0x0000000023cd9000 	/System/Library/Frameworks/AudioToolbox.framework/Versions/A/AudioToolbox
0x0000000023cd9000 	/System/Library/Frameworks/AudioUnit.framework/Versions/A/AudioUnit
0x0000000023cd9000 	/System/Library/PrivateFrameworks/DataDetectorsCore.framework/Versions/A/DataDetectorsCore
0x0000000023cd9000 	/System/Library/PrivateFrameworks/DesktopServicesPriv.framework/Versions/A/DesktopServicesPriv
0x0000000023cd9000 	/System/Library/Frameworks/Carbon.framework/Versions/A/Frameworks/HIToolbox.framework/Versions/A/HIToolbox
0x0000000023cd9000 	/usr/lib/libicucore.A.dylib
0x0000000023cd9000 	/System/Library/Frameworks/QuartzCore.framework/Versions/A/QuartzCore
0x0000000023cd9000 	/System/Library/Frameworks/Carbon.framework/Versions/A/Frameworks/SpeechRecognition.framework/Versions/A/SpeechRecognition
0x0000000023cd9000 	/usr/lib/libauto.dylib
0x0000000023cd9000 	/usr/lib/libxml2.2.dylib
0x0000000023cd9000 	/System/Library/PrivateFrameworks/CoreUI.framework/Versions/A/CoreUI
0x0000000023cd9000 	/System/Library/Frameworks/CoreAudio.framework/Versions/A/CoreAudio
0x0000000023cd9000 	/System/Library/Frameworks/DiskArbitration.framework/Versions/A/DiskArbitration
0x0000000023cd9000 	/usr/lib/liblangid.dylib
0x0000000023cd9000 	/System/Library/PrivateFrameworks/MultitouchSupport.framework/Versions/A/MultitouchSupport
0x0000000023cd9000 	/System/Library/Frameworks/IOKit.framework/Versions/A/IOKit
0x0000000023cd9000 	/usr/lib/libDiagnosticMessagesClient.dylib
0x0000000023cd9000 	/System/Library/Frameworks/CoreServices.framework/Versions/A/CoreServices
0x0000000023cd9000 	/System/Library/PrivateFrameworks/PerformanceAnalysis.framework/Versions/A/PerformanceAnalysis
0x0000000023cd9000 	/System/Library/PrivateFrameworks/GenerationalStorage.framework/Versions/A/GenerationalStorage
0x0000000023cd9000 	/System/Library/Frameworks/OpenGL.framework/Versions/A/OpenGL
0x0000000023cd9000 	/System/Library/Frameworks/CoreImage.framework/Versions/A/CoreImage
0x0000000023cd9000 	/System/Library/Frameworks/CoreText.framework/Versions/A/CoreText
0x0000000023cd9000 	/System/Library/Frameworks/ImageIO.framework/Versions/A/ImageIO
0x0000000023cd9000 	/System/Library/PrivateFrameworks/Backup.framework/Versions/A/Backup
0x0000000023cd9000 	/usr/lib/libarchive.2.dylib
0x0000000023cd9000 	/System/Library/Frameworks/CFNetwork.framework/Versions/A/CFNetwork
0x0000000023cd9000 	/System/Library/Frameworks/SystemConfiguration.framework/Versions/A/SystemConfiguration
0x0000000023cd9000 	/usr/lib/libCRFSuite.dylib
0x0000000023cd9000 	/usr/lib/libc++.1.dylib
0x0000000023cd9000 	/usr/lib/libc++abi.dylib
0x0000000023cd9000 	/usr/lib/system/libcache.dylib
0x0000000023cd9000 	/usr/lib/system/libcommonCrypto.dylib
0x0000000023cd9000 	/usr/lib/system/libcompiler_rt.dylib
0x0000000023cd9000 	/usr/lib/system/libcopyfile.dylib
0x0000000023cd9000 	/usr/lib/system/libcorecrypto.dylib
0x0000000023cd9000 	/usr/lib/system/libdispatch.dylib
0x0000000023cd9000 	/usr/lib/system/libdyld.dylib
0x0000000023cd9000 	/usr/lib/system/libkeymgr.dylib
0x0000000023cd9000 	/usr/lib/system/liblaunch.dylib
0x0000000023cd9000 	/usr/lib/system/libmacho.dylib
0x0000000023cd9000 	/usr/lib/system/libquarantine.dylib
0x0000000023cd9000 	/usr/lib/system/libremovefile.dylib
0x0000000023cd9000 	/usr/lib/system/libsystem_asl.dylib
0x0000000023cd9000 	/usr/lib/system/libsystem_blocks.dylib
0x0000000023cd9000 	/usr/lib/system/libsystem_c.dylib
0x0000000023cd9000 	/usr/lib/system/libsystem_configuration.dylib
0x0000000023cd9000 	/usr/lib/system/libsystem_coreservices.dylib
0x0000000023cd9000 	/usr/lib/system/libsystem_coretls.dylib
0x0000000023cd9000 	/usr/lib/system/libsystem_dnssd.dylib
0x0000000023cd9000 	/usr/lib/system/libsystem_info.dylib
0x0000000023cd9000 	/usr/lib/system/libsystem_kernel.dylib
0x0000000023cd9000 	/usr/lib/system/libsystem_m.dylib
0x0000000023cd9000 	/usr/lib/system/libsystem_malloc.dylib
0x0000000023cd9000 	/usr/lib/system/libsystem_network.dylib
0x0000000023cd9000 	/usr/lib/system/libsystem_networkextension.dylib
0x0000000023cd9000 	/usr/lib/system/libsystem_notify.dylib
0x0000000023cd9000 	/usr/lib/system/libsystem_platform.dylib
0x0000000023cd9000 	/usr/lib/system/libsystem_pthread.dylib
0x0000000023cd9000 	/usr/lib/system/libsystem_sandbox.dylib
0x0000000023cd9000 	/usr/lib/system/libsystem_secinit.dylib
0x0000000023cd9000 	/usr/lib/system/libsystem_symptoms.dylib
0x0000000023cd9000 	/usr/lib/system/libsystem_trace.dylib
0x0000000023cd9000 	/usr/lib/system/libunwind.dylib
0x0000000023cd9000 	/usr/lib/system/libxpc.dylib
0x0000000023cd9000 	/usr/lib/libbsm.0.dylib
0x0000000023cd9000 	/usr/lib/system/libkxld.dylib
0x0000000023cd9000 	/usr/lib/libcoretls.dylib
0x0000000023cd9000 	/usr/lib/libcoretls_cfhelpers.dylib
0x0000000023cd9000 	/usr/lib/libOpenScriptingUtil.dylib
0x0000000023cd9000 	/usr/lib/libpam.2.dylib
0x0000000023cd9000 	/usr/lib/libsqlite3.dylib
0x0000000023cd9000 	/usr/lib/libxar.1.dylib
0x0000000023cd9000 	/usr/lib/libbz2.1.0.dylib
0x0000000023cd9000 	/usr/lib/liblzma.5.dylib
0x0000000023cd9000 	/usr/lib/libnetwork.dylib
0x0000000023cd9000 	/usr/lib/libpcap.A.dylib
0x0000000023cd9000 	/System/Library/Frameworks/CoreServices.framework/Versions/A/Frameworks/FSEvents.framework/Versions/A/FSEvents
0x0000000023cd9000 	/System/Library/Frameworks/CoreServices.framework/Versions/A/Frameworks/CarbonCore.framework/Versions/A/CarbonCore
0x0000000023cd9000 	/System/Library/Frameworks/CoreServices.framework/Versions/A/Frameworks/Metadata.framework/Versions/A/Metadata
0x0000000023cd9000 	/System/Library/Frameworks/CoreServices.framework/Versions/A/Frameworks/OSServices.framework/Versions/A/OSServices
0x0000000023cd9000 	/System/Library/Frameworks/CoreServices.framework/Versions/A/Frameworks/SearchKit.framework/Versions/A/SearchKit
0x0000000023cd9000 	/System/Library/Frameworks/CoreServices.framework/Versions/A/Frameworks/AE.framework/Versions/A/AE
0x0000000023cd9000 	/System/Library/Frameworks/CoreServices.framework/Versions/A/Frameworks/LaunchServices.framework/Versions/A/LaunchServices
0x0000000023cd9000 	/System/Library/Frameworks/CoreServices.framework/Versions/A/Frameworks/DictionaryServices.framework/Versions/A/DictionaryServices
0x0000000023cd9000 	/System/Library/Frameworks/CoreServices.framework/Versions/A/Frameworks/SharedFileList.framework/Versions/A/SharedFileList
0x0000000023cd9000 	/System/Library/Frameworks/NetFS.framework/Versions/A/NetFS
0x0000000023cd9000 	/System/Library/PrivateFrameworks/NetAuth.framework/Versions/A/NetAuth
0x0000000023cd9000 	/System/Library/PrivateFrameworks/login.framework/Versions/A/Frameworks/loginsupport.framework/Versions/A/loginsupport
0x0000000023cd9000 	/System/Library/PrivateFrameworks/TCC.framework/Versions/A/TCC
0x0000000023cd9000 	/usr/lib/libmecabra.dylib
0x0000000023cd9000 	/System/Library/Frameworks/ApplicationServices.framework/Versions/A/Frameworks/ATS.framework/Versions/A/ATS
0x0000000023cd9000 	/System/Library/Frameworks/ApplicationServices.framework/Versions/A/Frameworks/ColorSync.framework/Versions/A/ColorSync
0x0000000023cd9000 	/System/Library/Frameworks/ApplicationServices.framework/Versions/A/Frameworks/HIServices.framework/Versions/A/HIServices
0x0000000023cd9000 	/System/Library/Frameworks/ApplicationServices.framework/Versions/A/Frameworks/LangAnalysis.framework/Versions/A/LangAnalysis
0x0000000023cd9000 	/System/Library/Frameworks/ApplicationServices.framework/Versions/A/Frameworks/PrintCore.framework/Versions/A/PrintCore
0x0000000023cd9000 	/System/Library/Frameworks/ApplicationServices.framework/Versions/A/Frameworks/QD.framework/Versions/A/QD
0x0000000023cd9000 	/System/Library/Frameworks/ApplicationServices.framework/Versions/A/Frameworks/SpeechSynthesis.framework/Versions/A/SpeechSynthesis
0x0000000023cd9000 	/System/Library/Frameworks/Accelerate.framework/Versions/A/Frameworks/vImage.framework/Versions/A/vImage
0x0000000023cd9000 	/System/Library/Frameworks/Accelerate.framework/Versions/A/Frameworks/vecLib.framework/Versions/A/vecLib
0x0000000023cd9000 	/System/Library/Frameworks/Accelerate.framework/Versions/A/Frameworks/vecLib.framework/Versions/A/libvDSP.dylib
0x0000000023cd9000 	/System/Library/Frameworks/Accelerate.framework/Versions/A/Frameworks/vecLib.framework/Versions/A/libBNNS.dylib
0x0000000023cd9000 	/System/Library/Frameworks/Accelerate.framework/Versions/A/Frameworks/vecLib.framework/Versions/A/libQuadrature.dylib
0x0000000023cd9000 	/System/Library/Frameworks/Accelerate.framework/Versions/A/Frameworks/vecLib.framework/Versions/A/libvMisc.dylib
0x0000000023cd9000 	/System/Library/Frameworks/Accelerate.framework/Versions/A/Frameworks/vecLib.framework/Versions/A/libLAPACK.dylib
0x0000000023cd9000 	/System/Library/Frameworks/Accelerate.framework/Versions/A/Frameworks/vecLib.framework/Versions/A/libBLAS.dylib
0x0000000023cd9000 	/System/Library/Frameworks/Accelerate.framework/Versions/A/Frameworks/vecLib.framework/Versions/A/libLinearAlgebra.dylib
0x0000000023cd9000 	/System/Library/Frameworks/Accelerate.framework/Versions/A/Frameworks/vecLib.framework/Versions/A/libSparseBLAS.dylib
0x0000000023cd9000 	/System/Library/Frameworks/ApplicationServices.framework/Versions/A/Frameworks/ATS.framework/Versions/A/Resources/libFontParser.dylib
0x0000000023cd9000 	/System/Library/Frameworks/ApplicationServices.framework/Versions/A/Frameworks/ATS.framework/Versions/A/Resources/libFontRegistry.dylib
0x0000000023cd9000 	/System/Library/Frameworks/ImageIO.framework/Versions/A/Resources/libJPEG.dylib
0x0000000023cd9000 	/System/Library/Frameworks/ImageIO.framework/Versions/A/Resources/libTIFF.dylib
0x0000000023cd9000 	/System/Library/Frameworks/ImageIO.framework/Versions/A/Resources/libPng.dylib
0x0000000023cd9000 	/System/Library/Frameworks/ImageIO.framework/Versions/A/Resources/libGIF.dylib
0x0000000023cd9000 	/System/Library/Frameworks/ImageIO.framework/Versions/A/Resources/libJP2.dylib
0x0000000023cd9000 	/System/Library/Frameworks/ImageIO.framework/Versions/A/Resources/libRadiance.dylib
0x0000000023cd9000 	/usr/lib/libcompression.dylib
0x0000000023cd9000 	/System/Library/PrivateFrameworks/AppleJPEG.framework/Versions/A/AppleJPEG
0x0000000023cd9000 	/usr/lib/libcups.2.dylib
0x0000000023cd9000 	/System/Library/Frameworks/Kerberos.framework/Versions/A/Kerberos
0x0000000023cd9000 	/System/Library/Frameworks/GSS.framework/Versions/A/GSS
0x0000000023cd9000 	/usr/lib/libresolv.9.dylib
0x0000000023cd9000 	/usr/lib/libiconv.2.dylib
0x0000000023cd9000 	/System/Library/PrivateFrameworks/Heimdal.framework/Versions/A/Heimdal
0x0000000023cd9000 	/usr/lib/libheimdal-asn1.dylib
0x0000000023cd9000 	/System/Library/Frameworks/OpenDirectory.framework/Versions/A/OpenDirectory
0x0000000023cd9000 	/System/Library/PrivateFrameworks/CommonAuth.framework/Versions/A/CommonAuth
0x0000000023cd9000 	/System/Library/Frameworks/OpenDirectory.framework/Versions/A/Frameworks/CFOpenDirectory.framework/Versions/A/CFOpenDirectory
0x0000000023cd9000 	/System/Library/Frameworks/SecurityFoundation.framework/Versions/A/SecurityFoundation
0x0000000023cd9000 	/System/Library/PrivateFrameworks/LanguageModeling.framework/Versions/A/LanguageModeling
0x0000000023cd9000 	/usr/lib/libmarisa.dylib
0x0000000023cd9000 	/usr/lib/libChineseTokenizer.dylib
0x0000000023cd9000 	/usr/lib/libcmph.dylib
0x0000000023cd9000 	/System/Library/PrivateFrameworks/CoreEmoji.framework/Versions/A/CoreEmoji
0x0000000023cd9000 	/System/Library/Frameworks/ServiceManagement.framework/Versions/A/ServiceManagement
0x0000000023cd9000 	/usr/lib/libxslt.1.dylib
0x0000000023cd9000 	/System/Library/Frameworks/Carbon.framework/Versions/A/Frameworks/Ink.framework/Versions/A/Ink
0x0000000023cd9000 	/System/Library/PrivateFrameworks/TextureIO.framework/Versions/A/TextureIO
0x0000000023cd9000 	/System/Library/Frameworks/Metal.framework/Versions/A/Metal
0x0000000023cd9000 	/usr/lib/libate.dylib
0x0000000023cd9000 	/System/Library/PrivateFrameworks/GPUCompiler.framework/libmetal_timestamp.dylib
0x0000000023cd9000 	/System/Library/Frameworks/OpenGL.framework/Versions/A/Libraries/libCoreFSCache.dylib
0x0000000023cd9000 	/System/Library/PrivateFrameworks/IOAccelerator.framework/Versions/A/IOAccelerator
0x0000000023cd9000 	/System/Library/Frameworks/CoreVideo.framework/Versions/A/CoreVideo
0x0000000023cd9000 	/usr/lib/libFosl_dynamic.dylib
0x0000000023cd9000 	/System/Library/PrivateFrameworks/MetalPerformanceShaders.framework/Versions/A/MetalPerformanceShaders
0x0000000023cd9000 	/System/Library/PrivateFrameworks/FaceCore.framework/Versions/A/FaceCore
0x0000000023cd9000 	/System/Library/Frameworks/OpenCL.framework/Versions/A/OpenCL
0x0000000023cd9000 	/System/Library/Frameworks/OpenGL.framework/Versions/A/Libraries/libGLU.dylib
0x0000000023cd9000 	/System/Library/Frameworks/OpenGL.framework/Versions/A/Libraries/libGFXShared.dylib
0x0000000023cd9000 	/System/Library/Frameworks/OpenGL.framework/Versions/A/Libraries/libGL.dylib
0x0000000023cd9000 	/System/Library/Frameworks/OpenGL.framework/Versions/A/Libraries/libGLImage.dylib
0x0000000023cd9000 	/System/Library/Frameworks/OpenGL.framework/Versions/A/Libraries/libCVMSPluginSupport.dylib
0x0000000023cd9000 	/System/Library/Frameworks/OpenGL.framework/Versions/A/Libraries/libCoreVMClient.dylib
0x0000000023cd9000 	/System/Library/PrivateFrameworks/CrashReporterSupport.framework/Versions/A/CrashReporterSupport
0x0000000023cd9000 	/System/Library/PrivateFrameworks/Sharing.framework/Versions/A/Sharing
0x0000000023cd9000 	/System/Library/PrivateFrameworks/IconServices.framework/Versions/A/IconServices
0x0000000023cd9000 	/System/Library/PrivateFrameworks/ProtocolBuffer.framework/Versions/A/ProtocolBuffer
0x0000000023cd9000 	/System/Library/PrivateFrameworks/Apple80211.framework/Versions/A/Apple80211
0x0000000023cd9000 	/System/Library/Frameworks/CoreWLAN.framework/Versions/A/CoreWLAN
0x0000000023cd9000 	/System/Library/PrivateFrameworks/CoreUtils.framework/Versions/A/CoreUtils
0x0000000023cd9000 	/System/Library/Frameworks/IOBluetooth.framework/Versions/A/IOBluetooth
0x0000000023cd9000 	/System/Library/PrivateFrameworks/CoreWiFi.framework/Versions/A/CoreWiFi
0x0000000023cd9000 	/System/Library/Frameworks/CoreBluetooth.framework/Versions/A/CoreBluetooth
0x0000000023cd9000 	/System/Library/Frameworks/CoreDisplay.framework/Versions/A/CoreDisplay
0x0000000023cd9000 	/System/Library/PrivateFrameworks/IOPresentment.framework/Versions/A/IOPresentment
0x0000000023cd9000 	/System/Library/PrivateFrameworks/DSExternalDisplay.framework/Versions/A/DSExternalDisplay
0x0000000023cd9000 	/System/Library/PrivateFrameworks/DebugSymbols.framework/Versions/A/DebugSymbols
0x0000000023cd9000 	/System/Library/PrivateFrameworks/CoreSymbolication.framework/Versions/A/CoreSymbolication
0x0000000023cd9000 	/System/Library/PrivateFrameworks/Symbolication.framework/Versions/A/Symbolication
0x0000000023cd9000 	/System/Library/PrivateFrameworks/AppleFSCompression.framework/Versions/A/AppleFSCompression
0x0000000023cd9000 	/System/Library/PrivateFrameworks/SpeechRecognitionCore.framework/Versions/A/SpeechRecognitionCore
0x0000000023cd9000 	/System/Library/PrivateFrameworks/ChunkingLibrary.framework/Versions/A/ChunkingLibrary
0x0000000100344000 	/System/Library/CoreServices/Encodings/libSimplifiedChineseConverter.dylib
0x0000000100388000 	/Library/Java/JavaVirtualMachines/jdk1.8.0_102.jdk/Contents/Home/jre/lib/server/libjvm.dylib
0x0000000101329000 	/usr/lib/libstdc++.6.dylib
0x00000001013e2000 	/Library/Java/JavaVirtualMachines/jdk1.8.0_102.jdk/Contents/Home/jre/lib/libverify.dylib
0x0000000101c00000 	/Library/Java/JavaVirtualMachines/jdk1.8.0_102.jdk/Contents/Home/jre/lib/libjava.dylib
0x0000000101c35000 	/Library/Java/JavaVirtualMachines/jdk1.8.0_102.jdk/Contents/Home/jre/lib/libjdwp.dylib
0x00000001013f1000 	/Library/Java/JavaVirtualMachines/jdk1.8.0_102.jdk/Contents/Home/jre/lib/libnpt.dylib
0x0000000101c80000 	/var/folders/dq/ljbpjkqs2_10_3mkngv7m0j40000gn/T/jrebel6-temp/lib/libjrebel64.dylib
0x0000000101d6c000 	/Library/Java/JavaVirtualMachines/jdk1.8.0_102.jdk/Contents/Home/jre/lib/libzip.dylib
0x0000000108790000 	/System/Library/Frameworks/JavaVM.framework/Frameworks/JavaRuntimeSupport.framework/JavaRuntimeSupport
0x00000001087aa000 	/System/Library/Frameworks/JavaVM.framework/Versions/A/Frameworks/JavaNativeFoundation.framework/Versions/A/JavaNativeFoundation
0x00000001087bf000 	/System/Library/Frameworks/JavaVM.framework/Versions/A/JavaVM
0x0000000023cd9000 	/System/Library/Frameworks/Carbon.framework/Versions/A/Carbon
0x00000001087cc000 	/System/Library/PrivateFrameworks/JavaLaunching.framework/Versions/A/JavaLaunching
0x0000000023cd9000 	/System/Library/Frameworks/Carbon.framework/Versions/A/Frameworks/CommonPanels.framework/Versions/A/CommonPanels
0x0000000023cd9000 	/System/Library/Frameworks/Carbon.framework/Versions/A/Frameworks/Help.framework/Versions/A/Help
0x0000000023cd9000 	/System/Library/Frameworks/Carbon.framework/Versions/A/Frameworks/ImageCapture.framework/Versions/A/ImageCapture
0x0000000023cd9000 	/System/Library/Frameworks/Carbon.framework/Versions/A/Frameworks/OpenScripting.framework/Versions/A/OpenScripting
0x0000000023cd9000 	/System/Library/Frameworks/Carbon.framework/Versions/A/Frameworks/Print.framework/Versions/A/Print
0x0000000023cd9000 	/System/Library/Frameworks/Carbon.framework/Versions/A/Frameworks/SecurityHI.framework/Versions/A/SecurityHI
0x000000010a0d9000 	/Library/Java/JavaVirtualMachines/jdk1.8.0_102.jdk/Contents/Home/jre/lib/libdt_socket.dylib
0x000000010a334000 	/Library/Java/JavaVirtualMachines/jdk1.8.0_102.jdk/Contents/Home/jre/lib/libmanagement.dylib
0x000000010a368000 	/Library/Java/JavaVirtualMachines/jdk1.8.0_102.jdk/Contents/Home/jre/lib/libnet.dylib
0x000000010a3c7000 	/Library/Java/JavaVirtualMachines/jdk1.8.0_102.jdk/Contents/Home/jre/lib/libnio.dylib
0x000000010a54f000 	/Library/Java/JavaVirtualMachines/jdk1.8.0_102.jdk/Contents/Home/jre/lib/libsunec.dylib

VM Arguments:
jvm_args: -agentlib:jdwp=transport=dt_socket,address=127.0.0.1:56511,suspend=y,server=n -Drebel.base=/Users/Aaron/.jrebel -Drebel.env.ide.plugin.version=7.1.1 -Drebel.env.ide.version=2016.3 -Drebel.env.ide.product=IU -Drebel.env.ide=intellij -Drebel.notification.url=http://localhost:49566 -agentpath:/var/folders/dq/ljbpjkqs2_10_3mkngv7m0j40000gn/T/jrebel6-temp/lib/libjrebel64.dylib -Dspring.output.ansi.enabled=always -Dfile.encoding=UTF-8 
java_command: com.marty.KafkaDemoApplication
java_class_path (initial): /Library/Java/JavaVirtualMachines/jdk1.8.0_102.jdk/Contents/Home/jre/lib/charsets.jar:/Library/Java/JavaVirtualMachines/jdk1.8.0_102.jdk/Contents/Home/jre/lib/deploy.jar:/Library/Java/JavaVirtualMachines/jdk1.8.0_102.jdk/Contents/Home/jre/lib/ext/cldrdata.jar:/Library/Java/JavaVirtualMachines/jdk1.8.0_102.jdk/Contents/Home/jre/lib/ext/dnsns.jar:/Library/Java/JavaVirtualMachines/jdk1.8.0_102.jdk/Contents/Home/jre/lib/ext/jaccess.jar:/Library/Java/JavaVirtualMachines/jdk1.8.0_102.jdk/Contents/Home/jre/lib/ext/jfxrt.jar:/Library/Java/JavaVirtualMachines/jdk1.8.0_102.jdk/Contents/Home/jre/lib/ext/localedata.jar:/Library/Java/JavaVirtualMachines/jdk1.8.0_102.jdk/Contents/Home/jre/lib/ext/nashorn.jar:/Library/Java/JavaVirtualMachines/jdk1.8.0_102.jdk/Contents/Home/jre/lib/ext/sunec.jar:/Library/Java/JavaVirtualMachines/jdk1.8.0_102.jdk/Contents/Home/jre/lib/ext/sunjce_provider.jar:/Library/Java/JavaVirtualMachines/jdk1.8.0_102.jdk/Contents/Home/jre/lib/ext/sunpkcs11.jar:/Library/Java/JavaVirtualMachines/jdk1.8.0_102.jdk/Contents/Home/jre/lib/ext/zipfs.jar:/Library/Java/JavaVirtualMachines/jdk1.8.0_102.jdk/Contents/Home/jre/lib/javaws.jar:/Library/Java/JavaVirtualMachines/jdk1.8.0_102.jdk/Contents/Home/jre/lib/jce.jar:/Library/Java/JavaVirtualMachines/jdk1.8.0_102.jdk/Contents/Home/jre/lib/jfr.jar:/Library/Java/JavaVirtualMachines/jdk1.8.0_102.jdk/Contents/Home/jre/lib/jfxswt.jar:/Library/Java/JavaVirtualMachines/jdk1.8.0_102.jdk/Contents/Home/jre/lib/jsse.jar:/Library/Java/JavaVirtualMachines/jdk1.8.0_102.jdk/Contents/Home/jre/lib/management-agent.jar:/Library/Java/JavaVirtualMachines/jdk1.8.0_102.jdk/Contents/Home/jre/lib/plugin.jar:/Library/Java/JavaVirtualMachines/jdk1.8.0_102.jdk/Contents/Home/jre/lib/resources.jar:/Library/Java/JavaVirtualMachines/jdk1.8.0_102.jdk/Contents/Home/jre/lib/rt.jar:/Library/Java/JavaVirtualMachines/jdk1.8.0_102.jdk/Contents/Home/lib/ant-javafx.jar:/Library/Java/JavaVirtualMachines/jdk1.8.0_102.jdk/Contents/Home
Launcher Type: SUN_STANDARD

Environment Variables:
PATH=/usr/local/bin:/usr/bin:/bin:/usr/sbin:/sbin
SHELL=/bin/zsh

Signal Handlers:
SIGSEGV: [libjvm.dylib+0x5b0579], sa_mask[0]=11111111011111110111111111111111, sa_flags=SA_ONSTACK|SA_RESTART|SA_SIGINFO
SIGBUS: [libjvm.dylib+0x5b0579], sa_mask[0]=11111111011111110111111111111111, sa_flags=SA_RESTART|SA_SIGINFO
SIGFPE: [libjvm.dylib+0x4874e4], sa_mask[0]=11111111011111110111111111111111, sa_flags=SA_RESTART|SA_SIGINFO
SIGPIPE: [libjvm.dylib+0x4874e4], sa_mask[0]=11111111011111110111111111111111, sa_flags=SA_RESTART|SA_SIGINFO
SIGXFSZ: [libjvm.dylib+0x4874e4], sa_mask[0]=11111111011111110111111111111111, sa_flags=SA_RESTART|SA_SIGINFO
SIGILL: [libjvm.dylib+0x4874e4], sa_mask[0]=11111111011111110111111111111111, sa_flags=SA_RESTART|SA_SIGINFO
SIGUSR1: SIG_DFL, sa_mask[0]=00000000000000000000000000000000, sa_flags=none
SIGUSR2: [libjvm.dylib+0x487002], sa_mask[0]=00100000000000000000000000000000, sa_flags=SA_RESTART|SA_SIGINFO
SIGHUP: [libjvm.dylib+0x4855d9], sa_mask[0]=11111111011111110111111111111111, sa_flags=SA_RESTART|SA_SIGINFO
SIGINT: [libjvm.dylib+0x4855d9], sa_mask[0]=11111111011111110111111111111111, sa_flags=SA_RESTART|SA_SIGINFO
SIGTERM: [libjvm.dylib+0x4855d9], sa_mask[0]=11111111011111110111111111111111, sa_flags=SA_RESTART|SA_SIGINFO
SIGQUIT: [libjvm.dylib+0x4855d9], sa_mask[0]=11111111011111110111111111111111, sa_flags=SA_RESTART|SA_SIGINFO


---------------  S Y S T E M  ---------------

OS:Bsduname:Darwin 16.7.0 Darwin Kernel Version 16.7.0: Thu Jun 15 17:36:27 PDT 2017; root:xnu-3789.70.16~2/RELEASE_X86_64 x86_64
rlimit: STACK 8192k, CORE 0k, NPROC 709, NOFILE 10240, AS infinity
load average:11.39 5.30 3.74

CPU:total 4 (2 cores per cpu, 2 threads per core) family 6 model 61 stepping 4, cmov, cx8, fxsr, mmx, sse, sse2, sse3, ssse3, sse4.1, sse4.2, popcnt, avx, avx2, aes, clmul, erms, 3dnowpref, lzcnt, ht, tsc, tscinvbit, bmi1, bmi2, adx

Memory: 4k page, physical 8388608k(482140k free)

/proc/meminfo:


vm_info: Java HotSpot(TM) 64-Bit Server VM (25.102-b14) for bsd-amd64 JRE (1.8.0_102-b14), built on Jun 22 2016 11:42:36 by "java_re" with gcc 4.2.1 (Based on Apple Inc. build 5658) (LLVM build 2336.11.00)

time: Thu Dec 28 14:33:12 2017
elapsed time: 5 seconds (0d 0h 0m 5s)

